This is pdfTeX, Version 3.14159265-2.6-1.40.20 (MiKTeX 2.9.7140 64-bit) (preloaded format=pdflatex 2019.9.16)  25 NOV 2019 21:41
entering extended mode
**./Project.tex
(Project.tex
LaTeX2e <2018-12-01>
("C:\Users\Boobs\AppData\Local\Programs\MiKTeX 2.9\tex/latex/base\article.cls"
Document Class: article 2018/09/03 v1.4i Standard LaTeX document class
("C:\Users\Boobs\AppData\Local\Programs\MiKTeX 2.9\tex/latex/base\size12.clo"
File: size12.clo 2018/09/03 v1.4i Standard LaTeX file (size option)
)
\c@part=\count80
\c@section=\count81
\c@subsection=\count82
\c@subsubsection=\count83
\c@paragraph=\count84
\c@subparagraph=\count85
\c@figure=\count86
\c@table=\count87
\abovecaptionskip=\skip41
\belowcaptionskip=\skip42
\bibindent=\dimen102
)
("C:\Users\Boobs\AppData\Local\Programs\MiKTeX 2.9\tex/latex/geometry\geometry.
sty"
Package: geometry 2018/04/16 v5.8 Page Geometry

("C:\Users\Boobs\AppData\Local\Programs\MiKTeX 2.9\tex/latex/graphics\keyval.st
y"
Package: keyval 2014/10/28 v1.15 key=value parser (DPC)
\KV@toks@=\toks14
)
("C:\Users\Boobs\AppData\Local\Programs\MiKTeX 2.9\tex/generic/oberdiek\ifpdf.s
ty"
Package: ifpdf 2018/09/07 v3.3 Provides the ifpdf switch
)
("C:\Users\Boobs\AppData\Local\Programs\MiKTeX 2.9\tex/generic/oberdiek\ifvtex.
sty"
Package: ifvtex 2016/05/16 v1.6 Detect VTeX and its facilities (HO)
Package ifvtex Info: VTeX not detected.
)
("C:\Users\Boobs\AppData\Local\Programs\MiKTeX 2.9\tex/generic/ifxetex\ifxetex.
sty"
Package: ifxetex 2010/09/12 v0.6 Provides ifxetex conditional
)
\Gm@cnth=\count88
\Gm@cntv=\count89
\c@Gm@tempcnt=\count90
\Gm@bindingoffset=\dimen103
\Gm@wd@mp=\dimen104
\Gm@odd@mp=\dimen105
\Gm@even@mp=\dimen106
\Gm@layoutwidth=\dimen107
\Gm@layoutheight=\dimen108
\Gm@layouthoffset=\dimen109
\Gm@layoutvoffset=\dimen110
\Gm@dimlist=\toks15

("C:\Users\Boobs\AppData\Local\Programs\MiKTeX 2.9\tex/latex/geometry\geometry.
cfg"))
("C:\Users\Boobs\AppData\Local\Programs\MiKTeX 2.9\tex/latex/graphics\graphicx.
sty"
Package: graphicx 2017/06/01 v1.1a Enhanced LaTeX Graphics (DPC,SPQR)

("C:\Users\Boobs\AppData\Local\Programs\MiKTeX 2.9\tex/latex/graphics\graphics.
sty"
Package: graphics 2017/06/25 v1.2c Standard LaTeX Graphics (DPC,SPQR)

("C:\Users\Boobs\AppData\Local\Programs\MiKTeX 2.9\tex/latex/graphics\trig.sty"
Package: trig 2016/01/03 v1.10 sin cos tan (DPC)
)
("C:\Users\Boobs\AppData\Local\Programs\MiKTeX 2.9\tex/latex/graphics-cfg\graph
ics.cfg"
File: graphics.cfg 2016/06/04 v1.11 sample graphics configuration
)
Package graphics Info: Driver file: pdftex.def on input line 99.

("C:\Users\Boobs\AppData\Local\Programs\MiKTeX 2.9\tex/latex/graphics-def\pdfte
x.def"
File: pdftex.def 2018/01/08 v1.0l Graphics/color driver for pdftex
))
\Gin@req@height=\dimen111
\Gin@req@width=\dimen112
)
("C:\Users\Boobs\AppData\Local\Programs\MiKTeX 2.9\tex/latex/graphics\epsfig.st
y"
Package: epsfig 2017/06/25 v1.7b (e)psfig emulation (SPQR)
\epsfxsize=\dimen113
\epsfysize=\dimen114
)
("C:\Users\Boobs\AppData\Local\Programs\MiKTeX 2.9\tex/latex/amsfonts\amsfonts.
sty"
Package: amsfonts 2013/01/14 v3.01 Basic AMSFonts support
\@emptytoks=\toks16
\symAMSa=\mathgroup4
\symAMSb=\mathgroup5
LaTeX Font Info:    Overwriting math alphabet `\mathfrak' in version `bold'
(Font)                  U/euf/m/n --> U/euf/b/n on input line 106.
)
("C:\Users\Boobs\AppData\Local\Programs\MiKTeX 2.9\tex/latex/amsmath\amsmath.st
y"
Package: amsmath 2018/12/01 v2.17b AMS math features
\@mathmargin=\skip43

For additional information on amsmath, use the `?' option.

("C:\Users\Boobs\AppData\Local\Programs\MiKTeX 2.9\tex/latex/amsmath\amstext.st
y"
Package: amstext 2000/06/29 v2.01 AMS text

("C:\Users\Boobs\AppData\Local\Programs\MiKTeX 2.9\tex/latex/amsmath\amsgen.sty
"
File: amsgen.sty 1999/11/30 v2.0 generic functions
\@emptytoks=\toks17
\ex@=\dimen115
))
("C:\Users\Boobs\AppData\Local\Programs\MiKTeX 2.9\tex/latex/amsmath\amsbsy.sty
"
Package: amsbsy 1999/11/29 v1.2d Bold Symbols
\pmbraise@=\dimen116
)
("C:\Users\Boobs\AppData\Local\Programs\MiKTeX 2.9\tex/latex/amsmath\amsopn.sty
"
Package: amsopn 2016/03/08 v2.02 operator names
)
\inf@bad=\count91
LaTeX Info: Redefining \frac on input line 223.
\uproot@=\count92
\leftroot@=\count93
LaTeX Info: Redefining \overline on input line 385.
\classnum@=\count94
\DOTSCASE@=\count95
LaTeX Info: Redefining \ldots on input line 482.
LaTeX Info: Redefining \dots on input line 485.
LaTeX Info: Redefining \cdots on input line 606.
\Mathstrutbox@=\box27
\strutbox@=\box28
\big@size=\dimen117
LaTeX Font Info:    Redeclaring font encoding OML on input line 729.
LaTeX Font Info:    Redeclaring font encoding OMS on input line 730.
\macc@depth=\count96
\c@MaxMatrixCols=\count97
\dotsspace@=\muskip10
\c@parentequation=\count98
\dspbrk@lvl=\count99
\tag@help=\toks18
\row@=\count100
\column@=\count101
\maxfields@=\count102
\andhelp@=\toks19
\eqnshift@=\dimen118
\alignsep@=\dimen119
\tagshift@=\dimen120
\tagwidth@=\dimen121
\totwidth@=\dimen122
\lineht@=\dimen123
\@envbody=\toks20
\multlinegap=\skip44
\multlinetaggap=\skip45
\mathdisplay@stack=\toks21
LaTeX Info: Redefining \[ on input line 2844.
LaTeX Info: Redefining \] on input line 2845.
)
("C:\Users\Boobs\AppData\Local\Programs\MiKTeX 2.9\tex/latex/amsfonts\amssymb.s
ty"
Package: amssymb 2013/01/14 v3.01 AMS font symbols
)
("C:\Users\Boobs\AppData\Local\Programs\MiKTeX 2.9\tex/latex/marvosym\marvosym.
sty"
Package: marvosym 2011/07/20 v2.2 Martin Vogel's Symbols font definitions
)
("C:\Users\Boobs\AppData\Local\Programs\MiKTeX 2.9\tex/latex/appendix\appendix.
sty"
Package: appendix 2009/09/02 v1.2b extra appendix facilities
\c@@pps=\count103
\c@@ppsavesec=\count104
\c@@ppsaveapp=\count105
)
("C:\Users\Boobs\AppData\Local\Programs\MiKTeX 2.9\tex/latex/graphics\color.sty
"
Package: color 2016/07/10 v1.1e Standard LaTeX Color (DPC)

("C:\Users\Boobs\AppData\Local\Programs\MiKTeX 2.9\tex/latex/graphics-cfg\color
.cfg"
File: color.cfg 2016/01/02 v1.6 sample color configuration
)
Package color Info: Driver file: pdftex.def on input line 147.
)
("C:\Users\Boobs\AppData\Local\Programs\MiKTeX 2.9\tex/latex/hyperref\hyperref.
sty"
Package: hyperref 2019/06/12 v6.88h Hypertext links for LaTeX

("C:\Users\Boobs\AppData\Local\Programs\MiKTeX 2.9\tex/generic/oberdiek\hobsub-
hyperref.sty"
Package: hobsub-hyperref 2016/05/16 v1.14 Bundle oberdiek, subset hyperref (HO)


("C:\Users\Boobs\AppData\Local\Programs\MiKTeX 2.9\tex/generic/oberdiek\hobsub-
generic.sty"
Package: hobsub-generic 2016/05/16 v1.14 Bundle oberdiek, subset generic (HO)
Package: hobsub 2016/05/16 v1.14 Construct package bundles (HO)
Package: infwarerr 2016/05/16 v1.4 Providing info/warning/error messages (HO)
Package: ltxcmds 2016/05/16 v1.23 LaTeX kernel commands for general use (HO)
Package: ifluatex 2016/05/16 v1.4 Provides the ifluatex switch (HO)
Package ifluatex Info: LuaTeX not detected.
Package hobsub Info: Skipping package `ifvtex' (already loaded).
Package: intcalc 2016/05/16 v1.2 Expandable calculations with integers (HO)
Package hobsub Info: Skipping package `ifpdf' (already loaded).
Package: etexcmds 2016/05/16 v1.6 Avoid name clashes with e-TeX commands (HO)
Package: kvsetkeys 2016/05/16 v1.17 Key value parser (HO)
Package: kvdefinekeys 2016/05/16 v1.4 Define keys (HO)
Package: pdftexcmds 2019/07/25 v0.30 Utility functions of pdfTeX for LuaTeX (HO
)
Package pdftexcmds Info: LuaTeX not detected.
Package pdftexcmds Info: \pdf@primitive is available.
Package pdftexcmds Info: \pdf@ifprimitive is available.
Package pdftexcmds Info: \pdfdraftmode found.
Package: pdfescape 2016/05/16 v1.14 Implements pdfTeX's escape features (HO)
Package: bigintcalc 2016/05/16 v1.4 Expandable calculations on big integers (HO
)
Package: bitset 2016/05/16 v1.2 Handle bit-vector datatype (HO)
Package: uniquecounter 2016/05/16 v1.3 Provide unlimited unique counter (HO)
)
Package hobsub Info: Skipping package `hobsub' (already loaded).
Package: letltxmacro 2016/05/16 v1.5 Let assignment for LaTeX macros (HO)
Package: hopatch 2016/05/16 v1.3 Wrapper for package hooks (HO)
Package: xcolor-patch 2016/05/16 xcolor patch
Package: atveryend 2016/05/16 v1.9 Hooks at the very end of document (HO)
Package atveryend Info: \enddocument detected (standard20110627).
Package: atbegshi 2016/06/09 v1.18 At begin shipout hook (HO)
Package: refcount 2016/05/16 v3.5 Data extraction from label references (HO)
Package: hycolor 2016/05/16 v1.8 Color options for hyperref/bookmark (HO)
)
("C:\Users\Boobs\AppData\Local\Programs\MiKTeX 2.9\tex/latex/oberdiek\auxhook.s
ty"
Package: auxhook 2016/05/16 v1.4 Hooks for auxiliary files (HO)
)
("C:\Users\Boobs\AppData\Local\Programs\MiKTeX 2.9\tex/latex/oberdiek\kvoptions
.sty"
Package: kvoptions 2016/05/16 v3.12 Key value format for package options (HO)
)
\@linkdim=\dimen124
\Hy@linkcounter=\count106
\Hy@pagecounter=\count107

("C:\Users\Boobs\AppData\Local\Programs\MiKTeX 2.9\tex/latex/hyperref\pd1enc.de
f"
File: pd1enc.def 2019/06/12 v6.88h Hyperref: PDFDocEncoding definition (HO)
Now handling font encoding PD1 ...
... no UTF-8 mapping file for font encoding PD1
)
\Hy@SavedSpaceFactor=\count108

("C:\Users\Boobs\AppData\Local\Programs\MiKTeX 2.9\tex/latex/00miktex\hyperref.
cfg"
File: hyperref.cfg 2002/06/06 v1.2 hyperref configuration of TeXLive
)
Package hyperref Info: Hyper figures OFF on input line 4550.
Package hyperref Info: Link nesting OFF on input line 4555.
Package hyperref Info: Hyper index ON on input line 4558.
Package hyperref Info: Plain pages OFF on input line 4565.
Package hyperref Info: Backreferencing OFF on input line 4570.
Package hyperref Info: Implicit mode ON; LaTeX internals redefined.
Package hyperref Info: Bookmarks ON on input line 4803.
\c@Hy@tempcnt=\count109
 ("C:\Users\Boobs\AppData\Local\Programs\MiKTeX 2.9\tex/latex/url\url.sty"
\Urlmuskip=\muskip11
Package: url 2013/09/16  ver 3.4  Verb mode for urls, etc.
)
LaTeX Info: Redefining \url on input line 5156.
\XeTeXLinkMargin=\dimen125
\Fld@menulength=\count110
\Field@Width=\dimen126
\Fld@charsize=\dimen127
Package hyperref Info: Hyper figures OFF on input line 6411.
Package hyperref Info: Link nesting OFF on input line 6416.
Package hyperref Info: Hyper index ON on input line 6419.
Package hyperref Info: backreferencing OFF on input line 6426.
Package hyperref Info: Link coloring OFF on input line 6431.
Package hyperref Info: Link coloring with OCG OFF on input line 6436.
Package hyperref Info: PDF/A mode OFF on input line 6441.
LaTeX Info: Redefining \ref on input line 6481.
LaTeX Info: Redefining \pageref on input line 6485.
\Hy@abspage=\count111
\c@Item=\count112
\c@Hfootnote=\count113
)
Package hyperref Info: Driver (autodetected): hpdftex.

("C:\Users\Boobs\AppData\Local\Programs\MiKTeX 2.9\tex/latex/hyperref\hpdftex.d
ef"
File: hpdftex.def 2019/06/12 v6.88h Hyperref driver for pdfTeX
\Fld@listcount=\count114
\c@bookmark@seq@number=\count115

("C:\Users\Boobs\AppData\Local\Programs\MiKTeX 2.9\tex/latex/oberdiek\rerunfile
check.sty"
Package: rerunfilecheck 2016/05/16 v1.8 Rerun checks for auxiliary files (HO)
Package uniquecounter Info: New unique counter `rerunfilecheck' on input line 2
82.
)
\Hy@SectionHShift=\skip46
)
("C:\Users\Boobs\AppData\Local\Programs\MiKTeX 2.9\tex/latex/tools\verbatim.sty
"
Package: verbatim 2014/10/28 v1.5q LaTeX2e package for verbatim enhancements
\every@verbatim=\toks22
\verbatim@line=\toks23
\verbatim@in@stream=\read1
)
("C:\Users\Boobs\AppData\Local\Programs\MiKTeX 2.9\tex/latex/setspace\setspace.
sty"
Package: setspace 2011/12/19 v6.7a set line spacing
)
("C:\Users\Boobs\AppData\Local\Programs\MiKTeX 2.9\tex/latex/natbib\natbib.sty"
Package: natbib 2010/09/13 8.31b (PWD, AO)
\bibhang=\skip47
\bibsep=\skip48
LaTeX Info: Redefining \cite on input line 694.
\c@NAT@ctr=\count116
)
("C:\Users\Boobs\AppData\Local\Programs\MiKTeX 2.9\tex/latex/caption\subcaption
.sty"
Package: subcaption 2019/09/01 v1.3a Sub-captions (AR)

("C:\Users\Boobs\AppData\Local\Programs\MiKTeX 2.9\tex/latex/caption\caption.st
y"
Package: caption 2019/09/01 v3.3d Customizing captions (AR)

("C:\Users\Boobs\AppData\Local\Programs\MiKTeX 2.9\tex/latex/caption\caption3.s
ty"
Package: caption3 2019/09/01 v1.8d caption3 kernel (AR)
Package caption3 Info: TeX engine: e-TeX on input line 64.
\captionmargin=\dimen128
\captionmargin@=\dimen129
\captionwidth=\dimen130
\caption@tempdima=\dimen131
\caption@indent=\dimen132
\caption@parindent=\dimen133
\caption@hangindent=\dimen134
)
\c@caption@flags=\count117
\c@ContinuedFloat=\count118
Package caption Info: hyperref package is loaded.
)
\c@subfigure=\count119
\c@subtable=\count120
)
Package hyperref Info: Option `colorlinks' set `false' on input line 23.
 (Project.aux)
\openout1 = `Project.aux'.

LaTeX Font Info:    Checking defaults for OML/cmm/m/it on input line 36.
LaTeX Font Info:    ... okay on input line 36.
LaTeX Font Info:    Checking defaults for T1/cmr/m/n on input line 36.
LaTeX Font Info:    ... okay on input line 36.
LaTeX Font Info:    Checking defaults for OT1/cmr/m/n on input line 36.
LaTeX Font Info:    ... okay on input line 36.
LaTeX Font Info:    Checking defaults for OMS/cmsy/m/n on input line 36.
LaTeX Font Info:    ... okay on input line 36.
LaTeX Font Info:    Checking defaults for OMX/cmex/m/n on input line 36.
LaTeX Font Info:    ... okay on input line 36.
LaTeX Font Info:    Checking defaults for U/cmr/m/n on input line 36.
LaTeX Font Info:    ... okay on input line 36.
LaTeX Font Info:    Checking defaults for PD1/pdf/m/n on input line 36.
LaTeX Font Info:    ... okay on input line 36.

*geometry* driver: auto-detecting
*geometry* detected driver: pdftex
*geometry* verbose mode - [ preamble ] result:
* driver: pdftex
* paper: <default>
* layout: <same size as paper>
* layoutoffset:(h,v)=(0.0pt,0.0pt)
* modes: 
* h-part:(L,W,R)=(72.26999pt, 469.75502pt, 72.26999pt)
* v-part:(T,H,B)=(72.26999pt, 650.43001pt, 72.26999pt)
* \paperwidth=614.295pt
* \paperheight=794.96999pt
* \textwidth=469.75502pt
* \textheight=650.43001pt
* \oddsidemargin=0.0pt
* \evensidemargin=0.0pt
* \topmargin=-37.0pt
* \headheight=12.0pt
* \headsep=25.0pt
* \topskip=12.0pt
* \footskip=30.0pt
* \marginparwidth=44.0pt
* \marginparsep=10.0pt
* \columnsep=10.0pt
* \skip\footins=10.8pt plus 4.0pt minus 2.0pt
* \hoffset=0.0pt
* \voffset=0.0pt
* \mag=1000
* \@twocolumnfalse
* \@twosidefalse
* \@mparswitchfalse
* \@reversemarginfalse
* (1in=72.27pt=25.4mm, 1cm=28.453pt)


("C:\Users\Boobs\AppData\Local\Programs\MiKTeX 2.9\tex/context/base/mkii\supp-p
df.mkii"
[Loading MPS to PDF converter (version 2006.09.02).]
\scratchcounter=\count121
\scratchdimen=\dimen135
\scratchbox=\box29
\nofMPsegments=\count122
\nofMParguments=\count123
\everyMPshowfont=\toks24
\MPscratchCnt=\count124
\MPscratchDim=\dimen136
\MPnumerator=\count125
\makeMPintoPDFobject=\count126
\everyMPtoPDFconversion=\toks25
)
("C:\Users\Boobs\AppData\Local\Programs\MiKTeX 2.9\tex/latex/oberdiek\epstopdf-
base.sty"
Package: epstopdf-base 2016/05/15 v2.6 Base part for package epstopdf

("C:\Users\Boobs\AppData\Local\Programs\MiKTeX 2.9\tex/latex/oberdiek\grfext.st
y"
Package: grfext 2016/05/16 v1.2 Manage graphics extensions (HO)
)
Package epstopdf-base Info: Redefining graphics rule for `.eps' on input line 4
38.
Package grfext Info: Graphics extension search list:
(grfext)             [.pdf,.png,.jpg,.mps,.jpeg,.jbig2,.jb2,.PDF,.PNG,.JPG,.JPE
G,.JBIG2,.JB2,.eps]
(grfext)             \AppendGraphicsExtensions on input line 456.
)
\AtBeginShipoutBox=\box30
Package hyperref Info: Link coloring OFF on input line 36.

("C:\Users\Boobs\AppData\Local\Programs\MiKTeX 2.9\tex/latex/hyperref\nameref.s
ty"
Package: nameref 2016/05/21 v2.44 Cross-referencing by name of section

("C:\Users\Boobs\AppData\Local\Programs\MiKTeX 2.9\tex/generic/oberdiek\gettitl
estring.sty"
Package: gettitlestring 2016/05/16 v1.5 Cleanup title references (HO)
)
\c@section@level=\count127
)
LaTeX Info: Redefining \ref on input line 36.
LaTeX Info: Redefining \pageref on input line 36.
LaTeX Info: Redefining \nameref on input line 36.
 (Project.out) (Project.out)
\@outlinefile=\write3
\openout3 = `Project.out'.

Package caption Info: Begin \AtBeginDocument code.
Package caption Info: End \AtBeginDocument code.
LaTeX Font Info:    Try loading font information for U+msa on input line 38.

("C:\Users\Boobs\AppData\Local\Programs\MiKTeX 2.9\tex/latex/amsfonts\umsa.fd"
File: umsa.fd 2013/01/14 v3.01 AMS symbols A
)
LaTeX Font Info:    Try loading font information for U+msb on input line 38.
("C:\Users\Boobs\AppData\Local\Programs\MiKTeX 2.9\tex/latex/amsfonts\umsb.fd"
File: umsb.fd 2013/01/14 v3.01 AMS symbols B
) [1

{C:/Users/Boobs/AppData/Local/MiKTeX/2.9/pdftex/config/pdftex.map}]
(Project.toc)
\tf@toc=\write4
\openout4 = `Project.toc'.

 [2] [3] [4] [5] [6]
<N_pass_temp.png, id=94, 658.46pt x 406.51875pt>
File: N_pass_temp.png Graphic file (type png)
<use N_pass_temp.png>
Package pdftex.def Info: N_pass_temp.png  used on input line 83.
(pdftex.def)             Requested size: 187.89914pt x 116.00171pt.
<R_pass_temp.png, id=96, 702.625pt x 433.62pt>
File: R_pass_temp.png Graphic file (type png)
<use R_pass_temp.png>
Package pdftex.def Info: R_pass_temp.png  used on input line 86.
(pdftex.def)             Requested size: 187.89914pt x 115.96077pt.
<N_pass_wind.png, id=97, 702.625pt x 433.62pt>
File: N_pass_wind.png Graphic file (type png)
<use N_pass_wind.png>
Package pdftex.def Info: N_pass_wind.png  used on input line 93.
(pdftex.def)             Requested size: 187.89914pt x 115.96077pt.
<R_pass_wind.png, id=98, 702.625pt x 433.62pt>
File: R_pass_wind.png Graphic file (type png)
<use R_pass_wind.png>
Package pdftex.def Info: R_pass_wind.png  used on input line 96.
(pdftex.def)             Requested size: 187.89914pt x 115.96077pt.
<N_pass_hum.png, id=99, 658.46pt x 406.51875pt>
File: N_pass_hum.png Graphic file (type png)
<use N_pass_hum.png>
Package pdftex.def Info: N_pass_hum.png  used on input line 103.
(pdftex.def)             Requested size: 187.89914pt x 116.00171pt.
<R_pass_hum.png, id=100, 702.625pt x 433.62pt>
File: R_pass_hum.png Graphic file (type png)
<use R_pass_hum.png>
Package pdftex.def Info: R_pass_hum.png  used on input line 106.
(pdftex.def)             Requested size: 187.89914pt x 115.96077pt.
<N_pass_diff.png, id=101, 702.625pt x 433.62pt>
File: N_pass_diff.png Graphic file (type png)
<use N_pass_diff.png>
Package pdftex.def Info: N_pass_diff.png  used on input line 113.
(pdftex.def)             Requested size: 187.89914pt x 115.96077pt.
<R_pass_diff.png, id=102, 702.625pt x 433.62pt>
File: R_pass_diff.png Graphic file (type png)
<use R_pass_diff.png>
Package pdftex.def Info: R_pass_diff.png  used on input line 116.
(pdftex.def)             Requested size: 187.89914pt x 115.96077pt.
<N_pass_perc.png, id=103, 702.625pt x 433.62pt>
File: N_pass_perc.png Graphic file (type png)
<use N_pass_perc.png>
Package pdftex.def Info: N_pass_perc.png  used on input line 123.
(pdftex.def)             Requested size: 187.89914pt x 115.96077pt.
<R_pass_perc.png, id=104, 702.625pt x 433.62pt>
File: R_pass_perc.png Graphic file (type png)
<use R_pass_perc.png>
Package pdftex.def Info: R_pass_perc.png  used on input line 126.
(pdftex.def)             Requested size: 187.89914pt x 115.96077pt.


LaTeX Warning: `!h' float specifier changed to `!ht'.

<N_pass_dome.png, id=105, 702.625pt x 433.62pt>
File: N_pass_dome.png Graphic file (type png)
<use N_pass_dome.png>
Package pdftex.def Info: N_pass_dome.png  used on input line 133.
(pdftex.def)             Requested size: 187.89914pt x 115.96077pt.
<R_pass_dome.png, id=106, 702.625pt x 433.62pt>
File: R_pass_dome.png Graphic file (type png)
<use R_pass_dome.png>
Package pdftex.def Info: R_pass_dome.png  used on input line 136.
(pdftex.def)             Requested size: 187.89914pt x 115.96077pt.

LaTeX Warning: `!h' float specifier changed to `!ht'.

[7 <./N_pass_temp.png> <./R_pass_temp.png> <./N_pass_wind.png> <./R_pass_wind.p
ng> <./N_pass_hum.png> <./R_pass_hum.png> <./N_pass_diff.png> <./R_pass_diff.pn
g>]
<N_rush_temp.png, id=124, 631.35875pt x 390.45876pt>
File: N_rush_temp.png Graphic file (type png)
<use N_rush_temp.png>
Package pdftex.def Info: N_rush_temp.png  used on input line 152.
(pdftex.def)             Requested size: 187.89914pt x 116.20313pt.
<R_rush_temp.png, id=125, 631.35875pt x 390.45876pt>
File: R_rush_temp.png Graphic file (type png)
<use R_rush_temp.png>
Package pdftex.def Info: R_rush_temp.png  used on input line 155.
(pdftex.def)             Requested size: 187.89914pt x 116.20313pt.


LaTeX Warning: `!h' float specifier changed to `!ht'.

<N_rush_wind.png, id=126, 631.35875pt x 390.45876pt>
File: N_rush_wind.png Graphic file (type png)
<use N_rush_wind.png>
Package pdftex.def Info: N_rush_wind.png  used on input line 162.
(pdftex.def)             Requested size: 187.89914pt x 116.20313pt.
<R_rush_wind.png, id=127, 631.35875pt x 390.45876pt>
File: R_rush_wind.png Graphic file (type png)
<use R_rush_wind.png>
Package pdftex.def Info: R_rush_wind.png  used on input line 165.
(pdftex.def)             Requested size: 187.89914pt x 116.20313pt.

LaTeX Warning: `!h' float specifier changed to `!ht'.

<N_rush_hum.png, id=128, 631.35875pt x 390.45876pt>
File: N_rush_hum.png Graphic file (type png)
<use N_rush_hum.png>
Package pdftex.def Info: N_rush_hum.png  used on input line 172.
(pdftex.def)             Requested size: 187.89914pt x 116.20313pt.
<R_rush_hum.png, id=129, 631.35875pt x 390.45876pt>
File: R_rush_hum.png Graphic file (type png)
<use R_rush_hum.png>
Package pdftex.def Info: R_rush_hum.png  used on input line 175.
(pdftex.def)             Requested size: 187.89914pt x 116.20313pt.

LaTeX Warning: `!h' float specifier changed to `!ht'.

<N_rush_diff.png, id=130, 631.35875pt x 390.45876pt>
File: N_rush_diff.png Graphic file (type png)
<use N_rush_diff.png>
Package pdftex.def Info: N_rush_diff.png  used on input line 182.
(pdftex.def)             Requested size: 187.89914pt x 116.20313pt.
<R_rush_diff.png, id=131, 631.35875pt x 390.45876pt>
File: R_rush_diff.png Graphic file (type png)
<use R_rush_diff.png>
Package pdftex.def Info: R_rush_diff.png  used on input line 185.
(pdftex.def)             Requested size: 187.89914pt x 116.20313pt.

LaTeX Warning: `!h' float specifier changed to `!ht'.

<N_rush_perc.png, id=132, 631.35875pt x 390.45876pt>
File: N_rush_perc.png Graphic file (type png)
<use N_rush_perc.png>
Package pdftex.def Info: N_rush_perc.png  used on input line 192.
(pdftex.def)             Requested size: 187.89914pt x 116.20313pt.
<R_rush_perc.png, id=133, 631.35875pt x 390.45876pt>
File: R_rush_perc.png Graphic file (type png)
<use R_rush_perc.png>
Package pdftex.def Info: R_rush_perc.png  used on input line 195.
(pdftex.def)             Requested size: 187.89914pt x 116.20313pt.

LaTeX Warning: `!h' float specifier changed to `!ht'.

<N_rush_dome.png, id=134, 631.35875pt x 390.45876pt>
File: N_rush_dome.png Graphic file (type png)
<use N_rush_dome.png>
Package pdftex.def Info: N_rush_dome.png  used on input line 202.
(pdftex.def)             Requested size: 187.89914pt x 116.20313pt.
<R_rush_dome.png, id=135, 631.35875pt x 390.45876pt>
File: R_rush_dome.png Graphic file (type png)
<use R_rush_dome.png>
Package pdftex.def Info: R_rush_dome.png  used on input line 205.
(pdftex.def)             Requested size: 187.89914pt x 116.20313pt.

LaTeX Warning: `!h' float specifier changed to `!ht'.

[8 <./N_pass_perc.png> <./R_pass_perc.png> <./N_pass_dome.png> <./R_pass_dome.p
ng>]

LaTeX Warning: Text page 9 contains only floats.

[9 <./N_rush_temp.png> <./R_rush_temp.png> <./N_rush_wind.png> <./R_rush_wind.p
ng> <./N_rush_hum.png> <./R_rush_hum.png> <./N_rush_diff.png> <./R_rush_diff.pn
g> <./N_rush_perc.png> <./R_rush_perc.png>] [10 <./N_rush_dome.png> <./R_rush_d
ome.png>]
Overfull \hbox (7.37755pt too wide) in paragraph at lines 231--232
[]\OT1/cmr/m/n/12 https://web.stanford.edu/class/stats50/projects16/Houghton-Be
rryParkPierce-paper.pdf. 
 []

[11] [12]
Overfull \hbox (18.07022pt too wide) in paragraph at lines 298--298
[]  \OT1/cmtt/m/n/12 summary(x<-lm(O_PassY~Tempurature+Humidity+DOME+Wind+Diffe
rence+Percipitation[] 
 []


Overfull \hbox (36.59523pt too wide) in paragraph at lines 300--300
[]  \OT1/cmtt/m/n/12 summary(y<-lm(O_PassY~Tempurature+Humidity+I(DOME*Wind)+Di
fference+Percipitation[] 
 []

Package atveryend Info: Empty hook `BeforeClearDocument' on input line 315.
[13]
Package atveryend Info: Empty hook `AfterLastShipout' on input line 315.
 (Project.aux)
Package atveryend Info: Executing hook `AtVeryEndDocument' on input line 315.
Package atveryend Info: Executing hook `AtEndAfterFileList' on input line 315.
Package rerunfilecheck Info: File `Project.out' has not changed.
(rerunfilecheck)             Checksum: C1BD1682B2DAED8D7762F7A4208A0282;581.
Package atveryend Info: Empty hook `AtVeryVeryEnd' on input line 315.
 ) 
Here is how much of TeX's memory you used:
 8475 strings out of 492895
 126710 string characters out of 3123735
 225192 words of memory out of 3000000
 12235 multiletter control sequences out of 15000+200000
 12919 words of font info for 50 fonts, out of 3000000 for 9000
 1141 hyphenation exceptions out of 8191
 42i,8n,40p,1425b,511s stack positions out of 5000i,500n,10000p,200000b,50000s
<C:/Users/Boobs/AppData/Local/Programs/MiKTeX 2.9/fonts/type1/public/amsfonts
/cm/cmbx12.pfb><C:/Users/Boobs/AppData/Local/Programs/MiKTeX 2.9/fonts/type1/pu
blic/amsfonts/cm/cmr12.pfb><C:/Users/Boobs/AppData/Local/Programs/MiKTeX 2.9/fo
nts/type1/public/amsfonts/cm/cmr17.pfb><C:/Users/Boobs/AppData/Local/Programs/M
iKTeX 2.9/fonts/type1/public/amsfonts/cm/cmti12.pfb><C:/Users/Boobs/AppData/Loc
al/Programs/MiKTeX 2.9/fonts/type1/public/amsfonts/cm/cmtt12.pfb>
Output written on Project.pdf (13 pages, 1069093 bytes).
PDF statistics:
 215 PDF objects out of 1000 (max. 8388607)
 38 named destinations out of 1000 (max. 500000)
 201 words of extra memory for PDF output out of 10000 (max. 10000000)

